#
# There is insufficient memory for the Java Runtime Environment to continue.
# Native memory allocation (malloc) failed to allocate 1740016 bytes for Chunk::new
# Possible reasons:
#   The system is out of physical RAM or swap space
#   The process is running with CompressedOops enabled, and the Java Heap may be blocking the growth of the native heap
# Possible solutions:
#   Reduce memory load on the system
#   Increase physical memory or swap space
#   Check if swap backing store is full
#   Decrease Java heap size (-Xmx/-Xms)
#   Decrease number of Java threads
#   Decrease Java thread stack sizes (-Xss)
#   Set larger code cache with -XX:ReservedCodeCacheSize=
#   JVM is running with Unscaled Compressed Oops mode in which the Java heap is
#     placed in the first 4GB address space. The Java Heap base address is the
#     maximum limit for the native heap growth. Please use -XX:HeapBaseMinAddress
#     to set the Java Heap base and to place the Java Heap above 4GB virtual address.
# This output file may be truncated or incomplete.
#
#  Out of Memory Error (t:/workspace/open/src/hotspot/share/memory/arena.cpp:197), pid=12992, tid=12100
#
# JRE version: Java(TM) SE Runtime Environment (11.0.5+10) (build 11.0.5+10-LTS)
# Java VM: Java HotSpot(TM) 64-Bit Server VM (11.0.5+10-LTS, mixed mode, tiered, compressed oops, g1 gc, windows-amd64)
# No core dump will be written. Minidumps are not enabled by default on client versions of Windows
#

---------------  S U M M A R Y ------------

Command Line: --add-opens=java.base/java.util=ALL-UNNAMED --add-opens=java.base/java.lang=ALL-UNNAMED --add-opens=java.base/java.lang.invoke=ALL-UNNAMED --add-opens=java.prefs/java.util.prefs=ALL-UNNAMED -XX:MaxMetaspaceSize=256m -XX:+HeapDumpOnOutOfMemoryError -Xms256m -Xmx512m -Dfile.encoding=windows-1252 -Duser.country=CA -Duser.language=en -Duser.variant org.gradle.launcher.daemon.bootstrap.GradleDaemon 5.6.2

Host: AMD A6-9220e RADEON R4, 5 COMPUTE CORES 2C+3G  , 2 cores, 3G,  Windows 10 , 64 bit Build 17763 (10.0.17763.475)
Time: Sun Nov  3 19:42:32 2019 Eastern Standard Time elapsed time: 38 seconds (0d 0h 0m 38s)

---------------  T H R E A D  ---------------

Current thread (0x0000012b731c3800):  JavaThread "C2 CompilerThread0" daemon [_thread_in_native, id=12100, stack(0x0000000101000000,0x0000000101100000)]


Current CompileTask:
C2:  38052 5170       4       java.io.ObjectOutputStream::writeClassDesc (60 bytes)

Stack: [0x0000000101000000,0x0000000101100000]
Native frames: (J=compiled Java code, j=interpreted, Vv=VM code, C=native code)
V  [jvm.dll+0x63611a]
V  [jvm.dll+0x77426f]
V  [jvm.dll+0x77591a]
V  [jvm.dll+0x775fd3]
V  [jvm.dll+0x25e608]
V  [jvm.dll+0xc1f31]
V  [jvm.dll+0xc24bc]
V  [jvm.dll+0x36db27]
V  [jvm.dll+0x1a9701]
V  [jvm.dll+0x218592]
V  [jvm.dll+0x21762a]
V  [jvm.dll+0x1941bc]
V  [jvm.dll+0x226684]
V  [jvm.dll+0x224c78]
V  [jvm.dll+0x7396cd]
V  [jvm.dll+0x6351c2]
C  [ucrtbase.dll+0x21ffa]
C  [KERNEL32.DLL+0x17974]
C  [ntdll.dll+0x6a271]


---------------  P R O C E S S  ---------------

Threads class SMR info:
_java_thread_list=0x0000012b783eb050, length=43, elements={
0x0000012b58a48800, 0x0000012b731a2800, 0x0000012b731ac000, 0x0000012b731c1000,
0x0000012b731c2800, 0x0000012b731c3800, 0x0000012b731dc000, 0x0000012b73a7c800,
0x0000012b73b7a800, 0x0000012b73b8e000, 0x0000012b74b63000, 0x0000012b74e73800,
0x0000012b75465000, 0x0000012b74be8800, 0x0000012b74d9e800, 0x0000012b7520e800,
0x0000012b74ca9800, 0x0000012b7530d800, 0x0000012b750b4800, 0x0000012b750b5000,
0x0000012b74473800, 0x0000012b74478000, 0x0000012b74475800, 0x0000012b74474800,
0x0000012b74472000, 0x0000012b74478800, 0x0000012b74473000, 0x0000012b75d35800,
0x0000012b75d36800, 0x0000012b75d38000, 0x0000012b75d37800, 0x0000012b75d39000,
0x0000012b75d39800, 0x0000012b75d34000, 0x0000012b75d3a800, 0x0000012b75d35000,
0x0000012b75d3b800, 0x0000012b75d3d000, 0x0000012b75d3f800, 0x0000012b75d42000,
0x0000012b75d40800, 0x0000012b75d3e000, 0x0000012b75d3e800
}

Java Threads: ( => current thread )
  0x0000012b58a48800 JavaThread "main" [_thread_blocked, id=4488, stack(0x0000000100500000,0x0000000100600000)]
  0x0000012b731a2800 JavaThread "Reference Handler" daemon [_thread_blocked, id=12428, stack(0x0000000100c00000,0x0000000100d00000)]
  0x0000012b731ac000 JavaThread "Finalizer" daemon [_thread_blocked, id=4620, stack(0x0000000100d00000,0x0000000100e00000)]
  0x0000012b731c1000 JavaThread "Signal Dispatcher" daemon [_thread_blocked, id=4472, stack(0x0000000100e00000,0x0000000100f00000)]
  0x0000012b731c2800 JavaThread "Attach Listener" daemon [_thread_blocked, id=6432, stack(0x0000000100f00000,0x0000000101000000)]
=>0x0000012b731c3800 JavaThread "C2 CompilerThread0" daemon [_thread_in_native, id=12100, stack(0x0000000101000000,0x0000000101100000)]
  0x0000012b731dc000 JavaThread "C1 CompilerThread0" daemon [_thread_blocked, id=5324, stack(0x0000000101100000,0x0000000101200000)]
  0x0000012b73a7c800 JavaThread "Sweeper thread" daemon [_thread_blocked, id=11932, stack(0x0000000101200000,0x0000000101300000)]
  0x0000012b73b7a800 JavaThread "Common-Cleaner" daemon [_thread_blocked, id=8748, stack(0x0000000101300000,0x0000000101400000)]
  0x0000012b73b8e000 JavaThread "Service Thread" daemon [_thread_blocked, id=2436, stack(0x0000000101400000,0x0000000101500000)]
  0x0000012b74b63000 JavaThread "Daemon health stats" [_thread_blocked, id=4176, stack(0x0000000101700000,0x0000000101800000)]
  0x0000012b74e73800 JavaThread "Incoming local TCP Connector on port 53015" [_thread_in_native, id=11744, stack(0x0000000101800000,0x0000000101900000)]
  0x0000012b75465000 JavaThread "Daemon periodic checks" [_thread_blocked, id=2916, stack(0x0000000101900000,0x0000000101a00000)]
  0x0000012b74be8800 JavaThread "Daemon" [_thread_blocked, id=11984, stack(0x0000000101a00000,0x0000000101b00000)]
  0x0000012b74d9e800 JavaThread "Handler for socket connection from /127.0.0.1:53015 to /127.0.0.1:53016" [_thread_in_native, id=752, stack(0x0000000101b00000,0x0000000101c00000)]
  0x0000012b7520e800 JavaThread "Cancel handler" [_thread_blocked, id=12136, stack(0x0000000101c00000,0x0000000101d00000)]
  0x0000012b74ca9800 JavaThread "Daemon worker" [_thread_blocked, id=12692, stack(0x0000000101d00000,0x0000000101e00000)]
  0x0000012b7530d800 JavaThread "Asynchronous log dispatcher for DefaultDaemonConnection: socket connection from /127.0.0.1:53015 to /127.0.0.1:53016" [_thread_blocked, id=7016, stack(0x0000000101e00000,0x0000000101f00000)]
  0x0000012b750b4800 JavaThread "Stdin handler" [_thread_blocked, id=4920, stack(0x0000000101f00000,0x0000000102000000)]
  0x0000012b750b5000 JavaThread "Thread-8" [_thread_blocked, id=12484, stack(0x0000000102000000,0x0000000102100000)]
  0x0000012b74473800 JavaThread "Cache worker for file hash cache (C:\Users\matth\.gradle\caches\5.6.2\fileHashes)" [_thread_blocked, id=11164, stack(0x0000000102100000,0x0000000102200000)]
  0x0000012b74478000 JavaThread "File lock request listener" [_thread_in_native, id=2820, stack(0x0000000102200000,0x0000000102300000)]
  0x0000012b74475800 JavaThread "Cache worker for journal cache (C:\Users\matth\.gradle\caches\journal-1)" [_thread_blocked, id=1528, stack(0x0000000102300000,0x0000000102400000)]
  0x0000012b74474800 JavaThread "Cache worker for file hash cache (D:\classes\fall2019\ECSE223\project\GithubRepo\.gradle\5.6.2\fileHashes)" [_thread_blocked, id=12304, stack(0x0000000102400000,0x0000000102500000)]
  0x0000012b74472000 JavaThread "Cache worker for cache directory md-supplier (C:\Users\matth\.gradle\caches\5.6.2\md-supplier)" [_thread_blocked, id=2612, stack(0x0000000102500000,0x0000000102600000)]
  0x0000012b74478800 JavaThread "Cache worker for cache directory md-rule (C:\Users\matth\.gradle\caches\5.6.2\md-rule)" [_thread_blocked, id=3024, stack(0x0000000102600000,0x0000000102700000)]
  0x0000012b74473000 JavaThread "Cache worker for execution history cache (C:\Users\matth\.gradle\caches\5.6.2\executionHistory)" [_thread_blocked, id=13152, stack(0x0000000102700000,0x0000000102800000)]
  0x0000012b75d35800 JavaThread "Build operations" [_thread_blocked, id=10564, stack(0x0000000102800000,0x0000000102900000)]
  0x0000012b75d36800 JavaThread "Build operations Thread 2" [_thread_blocked, id=3976, stack(0x0000000102900000,0x0000000102a00000)]
  0x0000012b75d38000 JavaThread "Cache worker for Build Output Cleanup Cache (D:\classes\fall2019\ECSE223\project\GithubRepo\.gradle\buildOutputCleanup)" [_thread_blocked, id=10796, stack(0x0000000102a00000,0x0000000102b00000)]
  0x0000012b75d37800 JavaThread "Memory manager" [_thread_blocked, id=12564, stack(0x0000000102b00000,0x0000000102c00000)]
  0x0000012b75d39000 JavaThread "Cache worker for file content cache (C:\Users\matth\.gradle\caches\5.6.2\fileContent)" [_thread_blocked, id=9996, stack(0x0000000102c00000,0x0000000102d00000)]
  0x0000012b75d39800 JavaThread "Cache worker for file content cache (D:\classes\fall2019\ECSE223\project\GithubRepo\.gradle\5.6.2\fileContent)" [_thread_blocked, id=5028, stack(0x0000000102d00000,0x0000000102e00000)]
  0x0000012b75d34000 JavaThread "Execution worker for ':'" [_thread_blocked, id=1472, stack(0x0000000102e00000,0x0000000102f00000)]
  0x0000012b75d3a800 JavaThread "Cache worker for execution history cache (D:\classes\fall2019\ECSE223\project\GithubRepo\.gradle\5.6.2\executionHistory)" [_thread_blocked, id=612, stack(0x0000000102f00000,0x0000000103000000)]
  0x0000012b75d35000 JavaThread "Dispatch org.gradle.api.internal.tasks.testing.results.AttachParentTestResultProcessor@57e6c994" [_thread_blocked, id=9312, stack(0x0000000103200000,0x0000000103300000)]
  0x0000012b75d3b800 JavaThread "Dispatch org.gradle.api.internal.tasks.testing.processors.RestartEveryNTestClassProcessor@6a5fd895" [_thread_blocked, id=532, stack(0x0000000103300000,0x0000000103400000)]
  0x0000012b75d3d000 JavaThread "Exec process" [_thread_in_native, id=9880, stack(0x0000000103500000,0x0000000103600000)]
  0x0000012b75d3f800 JavaThread "Exec process Thread 2" [_thread_in_native, id=12352, stack(0x0000000103700000,0x0000000103800000)]
  0x0000012b75d42000 JavaThread "Exec process Thread 3" [_thread_in_native, id=12420, stack(0x0000000103800000,0x0000000103900000)]
  0x0000012b75d40800 JavaThread "Exec process Thread 4" [_thread_in_native, id=3036, stack(0x0000000103900000,0x0000000103a00000)]
  0x0000012b75d3e000 JavaThread "Incoming local TCP Connector on port 53023" [_thread_in_native, id=12216, stack(0x0000000103400000,0x0000000103500000)]
  0x0000012b75d3e800 JavaThread "DisconnectableInputStream source reader" daemon [_thread_blocked, id=9632, stack(0x0000000103600000,0x0000000103700000)]

Other Threads:
  0x0000012b7317a000 VMThread "VM Thread" [stack: 0x0000000100b00000,0x0000000100c00000] [id=8688]
  0x0000012b73bba000 WatcherThread [stack: 0x0000000101500000,0x0000000101600000] [id=11540]
  0x0000012b58a5a800 GCTaskThread "GC Thread#0" [stack: 0x0000000100600000,0x0000000100700000] [id=1196]
  0x0000012b73f8f000 GCTaskThread "GC Thread#1" [stack: 0x0000000101600000,0x0000000101700000] [id=12252]
  0x0000012b58a6e000 ConcurrentGCThread "G1 Main Marker" [stack: 0x0000000100700000,0x0000000100800000] [id=11460]
  0x0000012b58a6f800 ConcurrentGCThread "G1 Conc#0" [stack: 0x0000000100800000,0x0000000100900000] [id=11516]
  0x0000012b58b1e800 ConcurrentGCThread "G1 Refine#0" [stack: 0x0000000100900000,0x0000000100a00000] [id=7020]
  0x0000012b7301b000 ConcurrentGCThread "G1 Young RemSet Sampling" [stack: 0x0000000100a00000,0x0000000100b00000] [id=6448]

Threads with active compile tasks:
C2 CompilerThread05170       4       java.io.ObjectOutputStream::writeClassDesc (60 bytes)

VM state:not at safepoint (normal execution)

VM Mutex/Monitor currently owned by a thread: None

Heap address: 0x00000000e0000000, size: 512 MB, Compressed Oops mode: 32-bit
Narrow klass base: 0x0000012b00000000, Narrow klass shift: 0
Compressed class space size: 260046848 Address: 0x0000012b00000000

Heap:
 garbage-first heap   total 262144K, used 65925K [0x00000000e0000000, 0x0000000100000000)
  region size 1024K, 46 young (47104K), 9 survivors (9216K)
 Metaspace       used 50050K, capacity 51087K, committed 51328K, reserved 299008K
  class space    used 6565K, capacity 6968K, committed 7040K, reserved 253952K
Heap Regions: E=young(eden), S=young(survivor), O=old, HS=humongous(starts), HC=humongous(continues), CS=collection set, F=free, A=archive, TAMS=top-at-mark-start (previous, next)
|   0|0x00000000e0000000, 0x00000000e0100000, 0x00000000e0100000|100%| O|  |TAMS 0x00000000e0100000, 0x00000000e0000000| Untracked 
|   1|0x00000000e0100000, 0x00000000e0200000, 0x00000000e0200000|100%| O|  |TAMS 0x00000000e0200000, 0x00000000e0100000| Untracked 
|   2|0x00000000e0200000, 0x00000000e0300000, 0x00000000e0300000|100%| O|  |TAMS 0x00000000e0300000, 0x00000000e0200000| Untracked 
|   3|0x00000000e0300000, 0x00000000e0400000, 0x00000000e0400000|100%|HS|  |TAMS 0x00000000e0400000, 0x00000000e0300000| Complete 
|   4|0x00000000e0400000, 0x00000000e0500000, 0x00000000e0500000|100%|HC|  |TAMS 0x00000000e0500000, 0x00000000e0400000| Complete 
|   5|0x00000000e0500000, 0x00000000e0600000, 0x00000000e0600000|100%|HC|  |TAMS 0x00000000e0600000, 0x00000000e0500000| Complete 
|   6|0x00000000e0600000, 0x00000000e0700000, 0x00000000e0700000|100%| O|  |TAMS 0x00000000e0700000, 0x00000000e0600000| Untracked 
|   7|0x00000000e0700000, 0x00000000e0800000, 0x00000000e0800000|100%| O|  |TAMS 0x00000000e0800000, 0x00000000e0700000| Untracked 
|   8|0x00000000e0800000, 0x00000000e0900000, 0x00000000e0900000|100%| O|  |TAMS 0x00000000e0900000, 0x00000000e0800000| Untracked 
|   9|0x00000000e0900000, 0x00000000e0a00000, 0x00000000e0a00000|100%| O|  |TAMS 0x00000000e0a00000, 0x00000000e0900000| Untracked 
|  10|0x00000000e0a00000, 0x00000000e0b00000, 0x00000000e0b00000|100%| O|  |TAMS 0x00000000e0b00000, 0x00000000e0a00000| Untracked 
|  11|0x00000000e0b00000, 0x00000000e0c00000, 0x00000000e0c00000|100%| O|  |TAMS 0x00000000e0c00000, 0x00000000e0b00000| Untracked 
|  12|0x00000000e0c00000, 0x00000000e0d00000, 0x00000000e0d00000|100%| O|  |TAMS 0x00000000e0d00000, 0x00000000e0c00000| Untracked 
|  13|0x00000000e0d00000, 0x00000000e0e00000, 0x00000000e0e00000|100%| O|  |TAMS 0x00000000e0d00000, 0x00000000e0d00000| Untracked 
|  14|0x00000000e0e00000, 0x00000000e0f00000, 0x00000000e0f00000|100%| O|  |TAMS 0x00000000e0e00000, 0x00000000e0e00000| Untracked 
|  15|0x00000000e0f00000, 0x00000000e1000000, 0x00000000e1000000|100%| O|  |TAMS 0x00000000e0f00000, 0x00000000e0f00000| Untracked 
|  16|0x00000000e1000000, 0x00000000e1100000, 0x00000000e1100000|100%| O|  |TAMS 0x00000000e1100000, 0x00000000e1000000| Untracked 
|  17|0x00000000e1100000, 0x00000000e1200000, 0x00000000e1200000|100%| O|  |TAMS 0x00000000e1200000, 0x00000000e1100000| Untracked 
|  18|0x00000000e1200000, 0x00000000e1300000, 0x00000000e1300000|100%| O|  |TAMS 0x00000000e1244400, 0x00000000e1200000| Untracked 
|  19|0x00000000e1300000, 0x00000000e1371a00, 0x00000000e1400000| 44%| O|  |TAMS 0x00000000e1300000, 0x00000000e1300000| Untracked 
|  20|0x00000000e1400000, 0x00000000e1400000, 0x00000000e1500000|  0%| F|  |TAMS 0x00000000e1400000, 0x00000000e1400000| Untracked 
|  21|0x00000000e1500000, 0x00000000e1500000, 0x00000000e1600000|  0%| F|  |TAMS 0x00000000e1500000, 0x00000000e1500000| Untracked 
|  22|0x00000000e1600000, 0x00000000e1600000, 0x00000000e1700000|  0%| F|  |TAMS 0x00000000e1600000, 0x00000000e1600000| Untracked 
|  23|0x00000000e1700000, 0x00000000e1700000, 0x00000000e1800000|  0%| F|  |TAMS 0x00000000e1700000, 0x00000000e1700000| Untracked 
|  24|0x00000000e1800000, 0x00000000e1800000, 0x00000000e1900000|  0%| F|  |TAMS 0x00000000e1800000, 0x00000000e1800000| Untracked 
|  25|0x00000000e1900000, 0x00000000e1900000, 0x00000000e1a00000|  0%| F|  |TAMS 0x00000000e1900000, 0x00000000e1900000| Untracked 
|  26|0x00000000e1a00000, 0x00000000e1a00000, 0x00000000e1b00000|  0%| F|  |TAMS 0x00000000e1a00000, 0x00000000e1a00000| Untracked 
|  27|0x00000000e1b00000, 0x00000000e1b00000, 0x00000000e1c00000|  0%| F|  |TAMS 0x00000000e1b00000, 0x00000000e1b00000| Untracked 
|  28|0x00000000e1c00000, 0x00000000e1c00000, 0x00000000e1d00000|  0%| F|  |TAMS 0x00000000e1c00000, 0x00000000e1c00000| Untracked 
|  29|0x00000000e1d00000, 0x00000000e1d00000, 0x00000000e1e00000|  0%| F|  |TAMS 0x00000000e1d00000, 0x00000000e1d00000| Untracked 
|  30|0x00000000e1e00000, 0x00000000e1e00000, 0x00000000e1f00000|  0%| F|  |TAMS 0x00000000e1e00000, 0x00000000e1e00000| Untracked 
|  31|0x00000000e1f00000, 0x00000000e1f00000, 0x00000000e2000000|  0%| F|  |TAMS 0x00000000e1f00000, 0x00000000e1f00000| Untracked 
|  32|0x00000000e2000000, 0x00000000e2000000, 0x00000000e2100000|  0%| F|  |TAMS 0x00000000e2000000, 0x00000000e2000000| Untracked 
|  33|0x00000000e2100000, 0x00000000e2100000, 0x00000000e2200000|  0%| F|  |TAMS 0x00000000e2100000, 0x00000000e2100000| Untracked 
|  34|0x00000000e2200000, 0x00000000e2200000, 0x00000000e2300000|  0%| F|  |TAMS 0x00000000e2200000, 0x00000000e2200000| Untracked 
|  35|0x00000000e2300000, 0x00000000e2300000, 0x00000000e2400000|  0%| F|  |TAMS 0x00000000e2300000, 0x00000000e2300000| Untracked 
|  36|0x00000000e2400000, 0x00000000e2400000, 0x00000000e2500000|  0%| F|  |TAMS 0x00000000e2400000, 0x00000000e2400000| Untracked 
|  37|0x00000000e2500000, 0x00000000e2500000, 0x00000000e2600000|  0%| F|  |TAMS 0x00000000e2500000, 0x00000000e2500000| Untracked 
|  38|0x00000000e2600000, 0x00000000e2600000, 0x00000000e2700000|  0%| F|  |TAMS 0x00000000e2600000, 0x00000000e2600000| Untracked 
|  39|0x00000000e2700000, 0x00000000e2700000, 0x00000000e2800000|  0%| F|  |TAMS 0x00000000e2700000, 0x00000000e2700000| Untracked 
|  40|0x00000000e2800000, 0x00000000e2800000, 0x00000000e2900000|  0%| F|  |TAMS 0x00000000e2800000, 0x00000000e2800000| Untracked 
|  41|0x00000000e2900000, 0x00000000e2900000, 0x00000000e2a00000|  0%| F|  |TAMS 0x00000000e2900000, 0x00000000e2900000| Untracked 
|  42|0x00000000e2a00000, 0x00000000e2a00000, 0x00000000e2b00000|  0%| F|  |TAMS 0x00000000e2a00000, 0x00000000e2a00000| Untracked 
|  43|0x00000000e2b00000, 0x00000000e2b00000, 0x00000000e2c00000|  0%| F|  |TAMS 0x00000000e2b00000, 0x00000000e2b00000| Untracked 
|  44|0x00000000e2c00000, 0x00000000e2c00000, 0x00000000e2d00000|  0%| F|  |TAMS 0x00000000e2c00000, 0x00000000e2c00000| Untracked 
|  45|0x00000000e2d00000, 0x00000000e2d00000, 0x00000000e2e00000|  0%| F|  |TAMS 0x00000000e2d00000, 0x00000000e2d00000| Untracked 
|  46|0x00000000e2e00000, 0x00000000e2e00000, 0x00000000e2f00000|  0%| F|  |TAMS 0x00000000e2e00000, 0x00000000e2e00000| Untracked 
|  47|0x00000000e2f00000, 0x00000000e2f00000, 0x00000000e3000000|  0%| F|  |TAMS 0x00000000e2f00000, 0x00000000e2f00000| Untracked 
|  48|0x00000000e3000000, 0x00000000e3000000, 0x00000000e3100000|  0%| F|  |TAMS 0x00000000e3000000, 0x00000000e3000000| Untracked 
|  49|0x00000000e3100000, 0x00000000e3100000, 0x00000000e3200000|  0%| F|  |TAMS 0x00000000e3100000, 0x00000000e3100000| Untracked 
|  50|0x00000000e3200000, 0x00000000e3200000, 0x00000000e3300000|  0%| F|  |TAMS 0x00000000e3200000, 0x00000000e3200000| Untracked 
|  51|0x00000000e3300000, 0x00000000e3300000, 0x00000000e3400000|  0%| F|  |TAMS 0x00000000e3300000, 0x00000000e3300000| Untracked 
|  52|0x00000000e3400000, 0x00000000e3400000, 0x00000000e3500000|  0%| F|  |TAMS 0x00000000e3400000, 0x00000000e3400000| Untracked 
|  53|0x00000000e3500000, 0x00000000e3500000, 0x00000000e3600000|  0%| F|  |TAMS 0x00000000e3500000, 0x00000000e3500000| Untracked 
|  54|0x00000000e3600000, 0x00000000e3600000, 0x00000000e3700000|  0%| F|  |TAMS 0x00000000e3600000, 0x00000000e3600000| Untracked 
|  55|0x00000000e3700000, 0x00000000e3700000, 0x00000000e3800000|  0%| F|  |TAMS 0x00000000e3700000, 0x00000000e3700000| Untracked 
|  56|0x00000000e3800000, 0x00000000e3800000, 0x00000000e3900000|  0%| F|  |TAMS 0x00000000e3800000, 0x00000000e3800000| Untracked 
|  57|0x00000000e3900000, 0x00000000e3900000, 0x00000000e3a00000|  0%| F|  |TAMS 0x00000000e3900000, 0x00000000e3900000| Untracked 
|  58|0x00000000e3a00000, 0x00000000e3a00000, 0x00000000e3b00000|  0%| F|  |TAMS 0x00000000e3a00000, 0x00000000e3a00000| Untracked 
|  59|0x00000000e3b00000, 0x00000000e3b00000, 0x00000000e3c00000|  0%| F|  |TAMS 0x00000000e3b00000, 0x00000000e3b00000| Untracked 
|  60|0x00000000e3c00000, 0x00000000e3c00000, 0x00000000e3d00000|  0%| F|  |TAMS 0x00000000e3c00000, 0x00000000e3c00000| Untracked 
|  61|0x00000000e3d00000, 0x00000000e3d00000, 0x00000000e3e00000|  0%| F|  |TAMS 0x00000000e3d00000, 0x00000000e3d00000| Untracked 
|  62|0x00000000e3e00000, 0x00000000e3e00000, 0x00000000e3f00000|  0%| F|  |TAMS 0x00000000e3e00000, 0x00000000e3e00000| Untracked 
|  63|0x00000000e3f00000, 0x00000000e3f00000, 0x00000000e4000000|  0%| F|  |TAMS 0x00000000e3f00000, 0x00000000e3f00000| Untracked 
|  64|0x00000000e4000000, 0x00000000e4000000, 0x00000000e4100000|  0%| F|  |TAMS 0x00000000e4000000, 0x00000000e4000000| Untracked 
|  65|0x00000000e4100000, 0x00000000e4100000, 0x00000000e4200000|  0%| F|  |TAMS 0x00000000e4100000, 0x00000000e4100000| Untracked 
|  66|0x00000000e4200000, 0x00000000e4200000, 0x00000000e4300000|  0%| F|  |TAMS 0x00000000e4200000, 0x00000000e4200000| Untracked 
|  67|0x00000000e4300000, 0x00000000e4300000, 0x00000000e4400000|  0%| F|  |TAMS 0x00000000e4300000, 0x00000000e4300000| Untracked 
|  68|0x00000000e4400000, 0x00000000e4400000, 0x00000000e4500000|  0%| F|  |TAMS 0x00000000e4400000, 0x00000000e4400000| Untracked 
|  69|0x00000000e4500000, 0x00000000e4500000, 0x00000000e4600000|  0%| F|  |TAMS 0x00000000e4500000, 0x00000000e4500000| Untracked 
|  70|0x00000000e4600000, 0x00000000e4600000, 0x00000000e4700000|  0%| F|  |TAMS 0x00000000e4600000, 0x00000000e4600000| Untracked 
|  71|0x00000000e4700000, 0x00000000e4700000, 0x00000000e4800000|  0%| F|  |TAMS 0x00000000e4700000, 0x00000000e4700000| Untracked 
|  72|0x00000000e4800000, 0x00000000e4800000, 0x00000000e4900000|  0%| F|  |TAMS 0x00000000e4800000, 0x00000000e4800000| Untracked 
|  73|0x00000000e4900000, 0x00000000e4900000, 0x00000000e4a00000|  0%| F|  |TAMS 0x00000000e4900000, 0x00000000e4900000| Untracked 
|  74|0x00000000e4a00000, 0x00000000e4a00000, 0x00000000e4b00000|  0%| F|  |TAMS 0x00000000e4a00000, 0x00000000e4a00000| Untracked 
|  75|0x00000000e4b00000, 0x00000000e4b00000, 0x00000000e4c00000|  0%| F|  |TAMS 0x00000000e4b00000, 0x00000000e4b00000| Untracked 
|  76|0x00000000e4c00000, 0x00000000e4c00000, 0x00000000e4d00000|  0%| F|  |TAMS 0x00000000e4c00000, 0x00000000e4c00000| Untracked 
|  77|0x00000000e4d00000, 0x00000000e4d00000, 0x00000000e4e00000|  0%| F|  |TAMS 0x00000000e4d00000, 0x00000000e4d00000| Untracked 
|  78|0x00000000e4e00000, 0x00000000e4e00000, 0x00000000e4f00000|  0%| F|  |TAMS 0x00000000e4e00000, 0x00000000e4e00000| Untracked 
|  79|0x00000000e4f00000, 0x00000000e4f00000, 0x00000000e5000000|  0%| F|  |TAMS 0x00000000e4f00000, 0x00000000e4f00000| Untracked 
|  80|0x00000000e5000000, 0x00000000e5000000, 0x00000000e5100000|  0%| F|  |TAMS 0x00000000e5000000, 0x00000000e5000000| Untracked 
|  81|0x00000000e5100000, 0x00000000e5100000, 0x00000000e5200000|  0%| F|  |TAMS 0x00000000e5100000, 0x00000000e5100000| Untracked 
|  82|0x00000000e5200000, 0x00000000e5200000, 0x00000000e5300000|  0%| F|  |TAMS 0x00000000e5200000, 0x00000000e5200000| Untracked 
|  83|0x00000000e5300000, 0x00000000e5300000, 0x00000000e5400000|  0%| F|  |TAMS 0x00000000e5300000, 0x00000000e5300000| Untracked 
|  84|0x00000000e5400000, 0x00000000e5400000, 0x00000000e5500000|  0%| F|  |TAMS 0x00000000e5400000, 0x00000000e5400000| Untracked 
|  85|0x00000000e5500000, 0x00000000e5500000, 0x00000000e5600000|  0%| F|  |TAMS 0x00000000e5500000, 0x00000000e5500000| Untracked 
|  86|0x00000000e5600000, 0x00000000e5600000, 0x00000000e5700000|  0%| F|  |TAMS 0x00000000e5600000, 0x00000000e5600000| Untracked 
|  87|0x00000000e5700000, 0x00000000e5700000, 0x00000000e5800000|  0%| F|  |TAMS 0x00000000e5700000, 0x00000000e5700000| Untracked 
|  88|0x00000000e5800000, 0x00000000e5800000, 0x00000000e5900000|  0%| F|  |TAMS 0x00000000e5800000, 0x00000000e5800000| Untracked 
|  89|0x00000000e5900000, 0x00000000e5900000, 0x00000000e5a00000|  0%| F|  |TAMS 0x00000000e5900000, 0x00000000e5900000| Untracked 
|  90|0x00000000e5a00000, 0x00000000e5a00000, 0x00000000e5b00000|  0%| F|  |TAMS 0x00000000e5a00000, 0x00000000e5a00000| Untracked 
|  91|0x00000000e5b00000, 0x00000000e5b00000, 0x00000000e5c00000|  0%| F|  |TAMS 0x00000000e5b00000, 0x00000000e5b00000| Untracked 
|  92|0x00000000e5c00000, 0x00000000e5c00000, 0x00000000e5d00000|  0%| F|  |TAMS 0x00000000e5c00000, 0x00000000e5c00000| Untracked 
|  93|0x00000000e5d00000, 0x00000000e5d00000, 0x00000000e5e00000|  0%| F|  |TAMS 0x00000000e5d00000, 0x00000000e5d00000| Untracked 
|  94|0x00000000e5e00000, 0x00000000e5e00000, 0x00000000e5f00000|  0%| F|  |TAMS 0x00000000e5e00000, 0x00000000e5e00000| Untracked 
|  95|0x00000000e5f00000, 0x00000000e5f00000, 0x00000000e6000000|  0%| F|  |TAMS 0x00000000e5f00000, 0x00000000e5f00000| Untracked 
|  96|0x00000000e6000000, 0x00000000e6000000, 0x00000000e6100000|  0%| F|  |TAMS 0x00000000e6000000, 0x00000000e6000000| Untracked 
|  97|0x00000000e6100000, 0x00000000e6100000, 0x00000000e6200000|  0%| F|  |TAMS 0x00000000e6100000, 0x00000000e6100000| Untracked 
|  98|0x00000000e6200000, 0x00000000e6200000, 0x00000000e6300000|  0%| F|  |TAMS 0x00000000e6200000, 0x00000000e6200000| Untracked 
|  99|0x00000000e6300000, 0x00000000e6300000, 0x00000000e6400000|  0%| F|  |TAMS 0x00000000e6300000, 0x00000000e6300000| Untracked 
| 100|0x00000000e6400000, 0x00000000e6400000, 0x00000000e6500000|  0%| F|  |TAMS 0x00000000e6400000, 0x00000000e6400000| Untracked 
| 101|0x00000000e6500000, 0x00000000e6500000, 0x00000000e6600000|  0%| F|  |TAMS 0x00000000e6500000, 0x00000000e6500000| Untracked 
| 102|0x00000000e6600000, 0x00000000e6600000, 0x00000000e6700000|  0%| F|  |TAMS 0x00000000e6600000, 0x00000000e6600000| Untracked 
| 103|0x00000000e6700000, 0x00000000e6700000, 0x00000000e6800000|  0%| F|  |TAMS 0x00000000e6700000, 0x00000000e6700000| Untracked 
| 104|0x00000000e6800000, 0x00000000e6800000, 0x00000000e6900000|  0%| F|  |TAMS 0x00000000e6800000, 0x00000000e6800000| Untracked 
| 105|0x00000000e6900000, 0x00000000e6900000, 0x00000000e6a00000|  0%| F|  |TAMS 0x00000000e6900000, 0x00000000e6900000| Untracked 
| 106|0x00000000e6a00000, 0x00000000e6a00000, 0x00000000e6b00000|  0%| F|  |TAMS 0x00000000e6a00000, 0x00000000e6a00000| Untracked 
| 107|0x00000000e6b00000, 0x00000000e6b00000, 0x00000000e6c00000|  0%| F|  |TAMS 0x00000000e6b00000, 0x00000000e6b00000| Untracked 
| 108|0x00000000e6c00000, 0x00000000e6c00000, 0x00000000e6d00000|  0%| F|  |TAMS 0x00000000e6c00000, 0x00000000e6c00000| Untracked 
| 109|0x00000000e6d00000, 0x00000000e6d00000, 0x00000000e6e00000|  0%| F|  |TAMS 0x00000000e6d00000, 0x00000000e6d00000| Untracked 
| 110|0x00000000e6e00000, 0x00000000e6e00000, 0x00000000e6f00000|  0%| F|  |TAMS 0x00000000e6e00000, 0x00000000e6e00000| Untracked 
| 111|0x00000000e6f00000, 0x00000000e6f00000, 0x00000000e7000000|  0%| F|  |TAMS 0x00000000e6f00000, 0x00000000e6f00000| Untracked 
| 112|0x00000000e7000000, 0x00000000e7000000, 0x00000000e7100000|  0%| F|  |TAMS 0x00000000e7000000, 0x00000000e7000000| Untracked 
| 113|0x00000000e7100000, 0x00000000e7100000, 0x00000000e7200000|  0%| F|  |TAMS 0x00000000e7100000, 0x00000000e7100000| Untracked 
| 114|0x00000000e7200000, 0x00000000e7200000, 0x00000000e7300000|  0%| F|  |TAMS 0x00000000e7200000, 0x00000000e7200000| Untracked 
| 115|0x00000000e7300000, 0x00000000e7300000, 0x00000000e7400000|  0%| F|  |TAMS 0x00000000e7300000, 0x00000000e7300000| Untracked 
| 116|0x00000000e7400000, 0x00000000e7400000, 0x00000000e7500000|  0%| F|  |TAMS 0x00000000e7400000, 0x00000000e7400000| Untracked 
| 117|0x00000000e7500000, 0x00000000e7500000, 0x00000000e7600000|  0%| F|  |TAMS 0x00000000e7500000, 0x00000000e7500000| Untracked 
| 118|0x00000000e7600000, 0x00000000e7600000, 0x00000000e7700000|  0%| F|  |TAMS 0x00000000e7600000, 0x00000000e7600000| Untracked 
| 119|0x00000000e7700000, 0x00000000e7700000, 0x00000000e7800000|  0%| F|  |TAMS 0x00000000e7700000, 0x00000000e7700000| Untracked 
| 120|0x00000000e7800000, 0x00000000e7800000, 0x00000000e7900000|  0%| F|  |TAMS 0x00000000e7800000, 0x00000000e7800000| Untracked 
| 121|0x00000000e7900000, 0x00000000e7900000, 0x00000000e7a00000|  0%| F|  |TAMS 0x00000000e7900000, 0x00000000e7900000| Untracked 
| 122|0x00000000e7a00000, 0x00000000e7a00000, 0x00000000e7b00000|  0%| F|  |TAMS 0x00000000e7a00000, 0x00000000e7a00000| Untracked 
| 123|0x00000000e7b00000, 0x00000000e7b00000, 0x00000000e7c00000|  0%| F|  |TAMS 0x00000000e7b00000, 0x00000000e7b00000| Untracked 
| 124|0x00000000e7c00000, 0x00000000e7c00000, 0x00000000e7d00000|  0%| F|  |TAMS 0x00000000e7c00000, 0x00000000e7c00000| Untracked 
| 125|0x00000000e7d00000, 0x00000000e7d00000, 0x00000000e7e00000|  0%| F|  |TAMS 0x00000000e7d00000, 0x00000000e7d00000| Untracked 
| 126|0x00000000e7e00000, 0x00000000e7e00000, 0x00000000e7f00000|  0%| F|  |TAMS 0x00000000e7e00000, 0x00000000e7e00000| Untracked 
| 127|0x00000000e7f00000, 0x00000000e7f00000, 0x00000000e8000000|  0%| F|  |TAMS 0x00000000e7f00000, 0x00000000e7f00000| Untracked 
| 128|0x00000000e8000000, 0x00000000e8000000, 0x00000000e8100000|  0%| F|  |TAMS 0x00000000e8000000, 0x00000000e8000000| Untracked 
| 129|0x00000000e8100000, 0x00000000e8100000, 0x00000000e8200000|  0%| F|  |TAMS 0x00000000e8100000, 0x00000000e8100000| Untracked 
| 130|0x00000000e8200000, 0x00000000e8200000, 0x00000000e8300000|  0%| F|  |TAMS 0x00000000e8200000, 0x00000000e8200000| Untracked 
| 131|0x00000000e8300000, 0x00000000e8300000, 0x00000000e8400000|  0%| F|  |TAMS 0x00000000e8300000, 0x00000000e8300000| Untracked 
| 132|0x00000000e8400000, 0x00000000e8400000, 0x00000000e8500000|  0%| F|  |TAMS 0x00000000e8400000, 0x00000000e8400000| Untracked 
| 133|0x00000000e8500000, 0x00000000e8500000, 0x00000000e8600000|  0%| F|  |TAMS 0x00000000e8500000, 0x00000000e8500000| Untracked 
| 134|0x00000000e8600000, 0x00000000e8600000, 0x00000000e8700000|  0%| F|  |TAMS 0x00000000e8600000, 0x00000000e8600000| Untracked 
| 135|0x00000000e8700000, 0x00000000e8700000, 0x00000000e8800000|  0%| F|  |TAMS 0x00000000e8700000, 0x00000000e8700000| Untracked 
| 136|0x00000000e8800000, 0x00000000e8800000, 0x00000000e8900000|  0%| F|  |TAMS 0x00000000e8800000, 0x00000000e8800000| Untracked 
| 137|0x00000000e8900000, 0x00000000e8900000, 0x00000000e8a00000|  0%| F|  |TAMS 0x00000000e8900000, 0x00000000e8900000| Untracked 
| 138|0x00000000e8a00000, 0x00000000e8a00000, 0x00000000e8b00000|  0%| F|  |TAMS 0x00000000e8a00000, 0x00000000e8a00000| Untracked 
| 139|0x00000000e8b00000, 0x00000000e8b00000, 0x00000000e8c00000|  0%| F|  |TAMS 0x00000000e8b00000, 0x00000000e8b00000| Untracked 
| 140|0x00000000e8c00000, 0x00000000e8c00000, 0x00000000e8d00000|  0%| F|  |TAMS 0x00000000e8c00000, 0x00000000e8c00000| Untracked 
| 141|0x00000000e8d00000, 0x00000000e8d00000, 0x00000000e8e00000|  0%| F|  |TAMS 0x00000000e8d00000, 0x00000000e8d00000| Untracked 
| 142|0x00000000e8e00000, 0x00000000e8e00000, 0x00000000e8f00000|  0%| F|  |TAMS 0x00000000e8e00000, 0x00000000e8e00000| Untracked 
| 143|0x00000000e8f00000, 0x00000000e8f00000, 0x00000000e9000000|  0%| F|  |TAMS 0x00000000e8f00000, 0x00000000e8f00000| Untracked 
| 144|0x00000000e9000000, 0x00000000e9000000, 0x00000000e9100000|  0%| F|  |TAMS 0x00000000e9000000, 0x00000000e9000000| Untracked 
| 145|0x00000000e9100000, 0x00000000e9100000, 0x00000000e9200000|  0%| F|  |TAMS 0x00000000e9100000, 0x00000000e9100000| Untracked 
| 146|0x00000000e9200000, 0x00000000e9200000, 0x00000000e9300000|  0%| F|  |TAMS 0x00000000e9200000, 0x00000000e9200000| Untracked 
| 147|0x00000000e9300000, 0x00000000e9300000, 0x00000000e9400000|  0%| F|  |TAMS 0x00000000e9300000, 0x00000000e9300000| Untracked 
| 148|0x00000000e9400000, 0x00000000e9400000, 0x00000000e9500000|  0%| F|  |TAMS 0x00000000e9400000, 0x00000000e9400000| Untracked 
| 149|0x00000000e9500000, 0x00000000e9500000, 0x00000000e9600000|  0%| F|  |TAMS 0x00000000e9500000, 0x00000000e9500000| Untracked 
| 150|0x00000000e9600000, 0x00000000e9600000, 0x00000000e9700000|  0%| F|  |TAMS 0x00000000e9600000, 0x00000000e9600000| Untracked 
| 151|0x00000000e9700000, 0x00000000e9700000, 0x00000000e9800000|  0%| F|  |TAMS 0x00000000e9700000, 0x00000000e9700000| Untracked 
| 152|0x00000000e9800000, 0x00000000e9800000, 0x00000000e9900000|  0%| F|  |TAMS 0x00000000e9800000, 0x00000000e9800000| Untracked 
| 153|0x00000000e9900000, 0x00000000e9900000, 0x00000000e9a00000|  0%| F|  |TAMS 0x00000000e9900000, 0x00000000e9900000| Untracked 
| 154|0x00000000e9a00000, 0x00000000e9a00000, 0x00000000e9b00000|  0%| F|  |TAMS 0x00000000e9a00000, 0x00000000e9a00000| Untracked 
| 155|0x00000000e9b00000, 0x00000000e9b00000, 0x00000000e9c00000|  0%| F|  |TAMS 0x00000000e9b00000, 0x00000000e9b00000| Untracked 
| 156|0x00000000e9c00000, 0x00000000e9c00000, 0x00000000e9d00000|  0%| F|  |TAMS 0x00000000e9c00000, 0x00000000e9c00000| Untracked 
| 157|0x00000000e9d00000, 0x00000000e9d00000, 0x00000000e9e00000|  0%| F|  |TAMS 0x00000000e9d00000, 0x00000000e9d00000| Untracked 
| 158|0x00000000e9e00000, 0x00000000e9e00000, 0x00000000e9f00000|  0%| F|  |TAMS 0x00000000e9e00000, 0x00000000e9e00000| Untracked 
| 159|0x00000000e9f00000, 0x00000000e9f00000, 0x00000000ea000000|  0%| F|  |TAMS 0x00000000e9f00000, 0x00000000e9f00000| Untracked 
| 160|0x00000000ea000000, 0x00000000ea000000, 0x00000000ea100000|  0%| F|  |TAMS 0x00000000ea000000, 0x00000000ea000000| Untracked 
| 161|0x00000000ea100000, 0x00000000ea100000, 0x00000000ea200000|  0%| F|  |TAMS 0x00000000ea100000, 0x00000000ea100000| Untracked 
| 162|0x00000000ea200000, 0x00000000ea200000, 0x00000000ea300000|  0%| F|  |TAMS 0x00000000ea200000, 0x00000000ea200000| Untracked 
| 163|0x00000000ea300000, 0x00000000ea300000, 0x00000000ea400000|  0%| F|  |TAMS 0x00000000ea300000, 0x00000000ea300000| Untracked 
| 164|0x00000000ea400000, 0x00000000ea4efce8, 0x00000000ea500000| 93%| S|CS|TAMS 0x00000000ea400000, 0x00000000ea400000| Complete 
| 165|0x00000000ea500000, 0x00000000ea600000, 0x00000000ea600000|100%| S|CS|TAMS 0x00000000ea500000, 0x00000000ea500000| Complete 
| 166|0x00000000ea600000, 0x00000000ea700000, 0x00000000ea700000|100%| S|CS|TAMS 0x00000000ea600000, 0x00000000ea600000| Complete 
| 167|0x00000000ea700000, 0x00000000ea800000, 0x00000000ea800000|100%| S|CS|TAMS 0x00000000ea700000, 0x00000000ea700000| Complete 
| 168|0x00000000ea800000, 0x00000000ea900000, 0x00000000ea900000|100%| S|CS|TAMS 0x00000000ea800000, 0x00000000ea800000| Complete 
| 169|0x00000000ea900000, 0x00000000eaa00000, 0x00000000eaa00000|100%| S|CS|TAMS 0x00000000ea900000, 0x00000000ea900000| Complete 
| 170|0x00000000eaa00000, 0x00000000eab00000, 0x00000000eab00000|100%| S|CS|TAMS 0x00000000eaa00000, 0x00000000eaa00000| Complete 
| 171|0x00000000eab00000, 0x00000000eac00000, 0x00000000eac00000|100%| S|CS|TAMS 0x00000000eab00000, 0x00000000eab00000| Complete 
| 172|0x00000000eac00000, 0x00000000ead00000, 0x00000000ead00000|100%| S|CS|TAMS 0x00000000eac00000, 0x00000000eac00000| Complete 
| 173|0x00000000ead00000, 0x00000000ead00000, 0x00000000eae00000|  0%| F|  |TAMS 0x00000000ead00000, 0x00000000ead00000| Untracked 
| 174|0x00000000eae00000, 0x00000000eae00000, 0x00000000eaf00000|  0%| F|  |TAMS 0x00000000eae00000, 0x00000000eae00000| Untracked 
| 175|0x00000000eaf00000, 0x00000000eaf00000, 0x00000000eb000000|  0%| F|  |TAMS 0x00000000eaf00000, 0x00000000eaf00000| Untracked 
| 176|0x00000000eb000000, 0x00000000eb000000, 0x00000000eb100000|  0%| F|  |TAMS 0x00000000eb000000, 0x00000000eb000000| Untracked 
| 177|0x00000000eb100000, 0x00000000eb100000, 0x00000000eb200000|  0%| F|  |TAMS 0x00000000eb100000, 0x00000000eb100000| Untracked 
| 178|0x00000000eb200000, 0x00000000eb200000, 0x00000000eb300000|  0%| F|  |TAMS 0x00000000eb200000, 0x00000000eb200000| Untracked 
| 179|0x00000000eb300000, 0x00000000eb300000, 0x00000000eb400000|  0%| F|  |TAMS 0x00000000eb300000, 0x00000000eb300000| Untracked 
| 180|0x00000000eb400000, 0x00000000eb400000, 0x00000000eb500000|  0%| F|  |TAMS 0x00000000eb400000, 0x00000000eb400000| Untracked 
| 181|0x00000000eb500000, 0x00000000eb500000, 0x00000000eb600000|  0%| F|  |TAMS 0x00000000eb500000, 0x00000000eb500000| Untracked 
| 182|0x00000000eb600000, 0x00000000eb600000, 0x00000000eb700000|  0%| F|  |TAMS 0x00000000eb600000, 0x00000000eb600000| Untracked 
| 183|0x00000000eb700000, 0x00000000eb700000, 0x00000000eb800000|  0%| F|  |TAMS 0x00000000eb700000, 0x00000000eb700000| Untracked 
| 184|0x00000000eb800000, 0x00000000eb800000, 0x00000000eb900000|  0%| F|  |TAMS 0x00000000eb800000, 0x00000000eb800000| Untracked 
| 185|0x00000000eb900000, 0x00000000eb900000, 0x00000000eba00000|  0%| F|  |TAMS 0x00000000eb900000, 0x00000000eb900000| Untracked 
| 186|0x00000000eba00000, 0x00000000eba00000, 0x00000000ebb00000|  0%| F|  |TAMS 0x00000000eba00000, 0x00000000eba00000| Untracked 
| 187|0x00000000ebb00000, 0x00000000ebb00000, 0x00000000ebc00000|  0%| F|  |TAMS 0x00000000ebb00000, 0x00000000ebb00000| Untracked 
| 188|0x00000000ebc00000, 0x00000000ebc00000, 0x00000000ebd00000|  0%| F|  |TAMS 0x00000000ebc00000, 0x00000000ebc00000| Untracked 
| 189|0x00000000ebd00000, 0x00000000ebd00000, 0x00000000ebe00000|  0%| F|  |TAMS 0x00000000ebd00000, 0x00000000ebd00000| Untracked 
| 190|0x00000000ebe00000, 0x00000000ebe00000, 0x00000000ebf00000|  0%| F|  |TAMS 0x00000000ebe00000, 0x00000000ebe00000| Untracked 
| 191|0x00000000ebf00000, 0x00000000ebf00000, 0x00000000ec000000|  0%| F|  |TAMS 0x00000000ebf00000, 0x00000000ebf00000| Untracked 
| 192|0x00000000ec000000, 0x00000000ec000000, 0x00000000ec100000|  0%| F|  |TAMS 0x00000000ec000000, 0x00000000ec000000| Untracked 
| 193|0x00000000ec100000, 0x00000000ec100000, 0x00000000ec200000|  0%| F|  |TAMS 0x00000000ec100000, 0x00000000ec100000| Untracked 
| 194|0x00000000ec200000, 0x00000000ec200000, 0x00000000ec300000|  0%| F|  |TAMS 0x00000000ec200000, 0x00000000ec200000| Untracked 
| 195|0x00000000ec300000, 0x00000000ec300000, 0x00000000ec400000|  0%| F|  |TAMS 0x00000000ec300000, 0x00000000ec300000| Untracked 
| 196|0x00000000ec400000, 0x00000000ec400000, 0x00000000ec500000|  0%| F|  |TAMS 0x00000000ec400000, 0x00000000ec400000| Untracked 
| 197|0x00000000ec500000, 0x00000000ec500000, 0x00000000ec600000|  0%| F|  |TAMS 0x00000000ec500000, 0x00000000ec500000| Untracked 
| 198|0x00000000ec600000, 0x00000000ec600000, 0x00000000ec700000|  0%| F|  |TAMS 0x00000000ec600000, 0x00000000ec600000| Untracked 
| 199|0x00000000ec700000, 0x00000000ec700000, 0x00000000ec800000|  0%| F|  |TAMS 0x00000000ec700000, 0x00000000ec700000| Untracked 
| 200|0x00000000ec800000, 0x00000000ec800000, 0x00000000ec900000|  0%| F|  |TAMS 0x00000000ec800000, 0x00000000ec800000| Untracked 
| 201|0x00000000ec900000, 0x00000000ec900000, 0x00000000eca00000|  0%| F|  |TAMS 0x00000000ec900000, 0x00000000ec900000| Untracked 
| 202|0x00000000eca00000, 0x00000000eca00000, 0x00000000ecb00000|  0%| F|  |TAMS 0x00000000eca00000, 0x00000000eca00000| Untracked 
| 203|0x00000000ecb00000, 0x00000000ecb00000, 0x00000000ecc00000|  0%| F|  |TAMS 0x00000000ecb00000, 0x00000000ecb00000| Untracked 
| 204|0x00000000ecc00000, 0x00000000ecc00000, 0x00000000ecd00000|  0%| F|  |TAMS 0x00000000ecc00000, 0x00000000ecc00000| Untracked 
| 205|0x00000000ecd00000, 0x00000000ecd00000, 0x00000000ece00000|  0%| F|  |TAMS 0x00000000ecd00000, 0x00000000ecd00000| Untracked 
| 206|0x00000000ece00000, 0x00000000ece00000, 0x00000000ecf00000|  0%| F|  |TAMS 0x00000000ece00000, 0x00000000ece00000| Untracked 
| 207|0x00000000ecf00000, 0x00000000ecf00000, 0x00000000ed000000|  0%| F|  |TAMS 0x00000000ecf00000, 0x00000000ecf00000| Untracked 
| 208|0x00000000ed000000, 0x00000000ed000000, 0x00000000ed100000|  0%| F|  |TAMS 0x00000000ed000000, 0x00000000ed000000| Untracked 
| 209|0x00000000ed100000, 0x00000000ed100000, 0x00000000ed200000|  0%| F|  |TAMS 0x00000000ed100000, 0x00000000ed100000| Untracked 
| 210|0x00000000ed200000, 0x00000000ed200000, 0x00000000ed300000|  0%| F|  |TAMS 0x00000000ed200000, 0x00000000ed200000| Untracked 
| 211|0x00000000ed300000, 0x00000000ed300000, 0x00000000ed400000|  0%| F|  |TAMS 0x00000000ed300000, 0x00000000ed300000| Untracked 
| 212|0x00000000ed400000, 0x00000000ed400000, 0x00000000ed500000|  0%| F|  |TAMS 0x00000000ed400000, 0x00000000ed400000| Untracked 
| 213|0x00000000ed500000, 0x00000000ed500000, 0x00000000ed600000|  0%| F|  |TAMS 0x00000000ed500000, 0x00000000ed500000| Untracked 
| 214|0x00000000ed600000, 0x00000000ed600000, 0x00000000ed700000|  0%| F|  |TAMS 0x00000000ed600000, 0x00000000ed600000| Untracked 
| 215|0x00000000ed700000, 0x00000000ed700000, 0x00000000ed800000|  0%| F|  |TAMS 0x00000000ed700000, 0x00000000ed700000| Untracked 
| 216|0x00000000ed800000, 0x00000000ed800000, 0x00000000ed900000|  0%| F|  |TAMS 0x00000000ed800000, 0x00000000ed800000| Untracked 
| 217|0x00000000ed900000, 0x00000000ed900000, 0x00000000eda00000|  0%| F|  |TAMS 0x00000000ed900000, 0x00000000ed900000| Untracked 
| 218|0x00000000eda00000, 0x00000000eda00000, 0x00000000edb00000|  0%| F|  |TAMS 0x00000000eda00000, 0x00000000eda00000| Untracked 
| 219|0x00000000edb00000, 0x00000000edb316e8, 0x00000000edc00000| 19%| E|  |TAMS 0x00000000edb00000, 0x00000000edb00000| Complete 
| 220|0x00000000edc00000, 0x00000000edd00000, 0x00000000edd00000|100%| E|CS|TAMS 0x00000000edc00000, 0x00000000edc00000| Complete 
| 221|0x00000000edd00000, 0x00000000ede00000, 0x00000000ede00000|100%| E|CS|TAMS 0x00000000edd00000, 0x00000000edd00000| Complete 
| 222|0x00000000ede00000, 0x00000000edf00000, 0x00000000edf00000|100%| E|CS|TAMS 0x00000000ede00000, 0x00000000ede00000| Complete 
| 223|0x00000000edf00000, 0x00000000ee000000, 0x00000000ee000000|100%| E|CS|TAMS 0x00000000edf00000, 0x00000000edf00000| Complete 
| 224|0x00000000ee000000, 0x00000000ee100000, 0x00000000ee100000|100%| E|CS|TAMS 0x00000000ee000000, 0x00000000ee000000| Complete 
| 225|0x00000000ee100000, 0x00000000ee200000, 0x00000000ee200000|100%| E|CS|TAMS 0x00000000ee100000, 0x00000000ee100000| Complete 
| 226|0x00000000ee200000, 0x00000000ee300000, 0x00000000ee300000|100%| E|CS|TAMS 0x00000000ee200000, 0x00000000ee200000| Complete 
| 227|0x00000000ee300000, 0x00000000ee400000, 0x00000000ee400000|100%| E|CS|TAMS 0x00000000ee300000, 0x00000000ee300000| Complete 
| 228|0x00000000ee400000, 0x00000000ee500000, 0x00000000ee500000|100%| E|CS|TAMS 0x00000000ee400000, 0x00000000ee400000| Complete 
| 229|0x00000000ee500000, 0x00000000ee600000, 0x00000000ee600000|100%| E|CS|TAMS 0x00000000ee500000, 0x00000000ee500000| Complete 
| 230|0x00000000ee600000, 0x00000000ee700000, 0x00000000ee700000|100%| E|CS|TAMS 0x00000000ee600000, 0x00000000ee600000| Complete 
| 231|0x00000000ee700000, 0x00000000ee800000, 0x00000000ee800000|100%| E|CS|TAMS 0x00000000ee700000, 0x00000000ee700000| Complete 
| 232|0x00000000ee800000, 0x00000000ee900000, 0x00000000ee900000|100%| E|CS|TAMS 0x00000000ee800000, 0x00000000ee800000| Complete 
| 233|0x00000000ee900000, 0x00000000eea00000, 0x00000000eea00000|100%| E|CS|TAMS 0x00000000ee900000, 0x00000000ee900000| Complete 
| 234|0x00000000eea00000, 0x00000000eeb00000, 0x00000000eeb00000|100%| E|CS|TAMS 0x00000000eea00000, 0x00000000eea00000| Complete 
| 235|0x00000000eeb00000, 0x00000000eec00000, 0x00000000eec00000|100%| E|CS|TAMS 0x00000000eeb00000, 0x00000000eeb00000| Complete 
| 236|0x00000000eec00000, 0x00000000eed00000, 0x00000000eed00000|100%| E|CS|TAMS 0x00000000eec00000, 0x00000000eec00000| Complete 
| 237|0x00000000eed00000, 0x00000000eee00000, 0x00000000eee00000|100%| E|CS|TAMS 0x00000000eed00000, 0x00000000eed00000| Complete 
| 238|0x00000000eee00000, 0x00000000eef00000, 0x00000000eef00000|100%| E|CS|TAMS 0x00000000eee00000, 0x00000000eee00000| Complete 
| 239|0x00000000eef00000, 0x00000000ef000000, 0x00000000ef000000|100%| E|CS|TAMS 0x00000000eef00000, 0x00000000eef00000| Complete 
| 240|0x00000000ef000000, 0x00000000ef100000, 0x00000000ef100000|100%| E|CS|TAMS 0x00000000ef000000, 0x00000000ef000000| Complete 
| 241|0x00000000ef100000, 0x00000000ef200000, 0x00000000ef200000|100%| E|CS|TAMS 0x00000000ef100000, 0x00000000ef100000| Complete 
| 242|0x00000000ef200000, 0x00000000ef300000, 0x00000000ef300000|100%| E|CS|TAMS 0x00000000ef200000, 0x00000000ef200000| Complete 
| 243|0x00000000ef300000, 0x00000000ef400000, 0x00000000ef400000|100%| E|CS|TAMS 0x00000000ef300000, 0x00000000ef300000| Complete 
| 244|0x00000000ef400000, 0x00000000ef500000, 0x00000000ef500000|100%| E|CS|TAMS 0x00000000ef400000, 0x00000000ef400000| Complete 
| 245|0x00000000ef500000, 0x00000000ef600000, 0x00000000ef600000|100%| E|CS|TAMS 0x00000000ef500000, 0x00000000ef500000| Complete 
| 246|0x00000000ef600000, 0x00000000ef700000, 0x00000000ef700000|100%| E|CS|TAMS 0x00000000ef600000, 0x00000000ef600000| Complete 
| 247|0x00000000ef700000, 0x00000000ef800000, 0x00000000ef800000|100%| E|CS|TAMS 0x00000000ef700000, 0x00000000ef700000| Complete 
| 248|0x00000000ef800000, 0x00000000ef900000, 0x00000000ef900000|100%| E|CS|TAMS 0x00000000ef800000, 0x00000000ef800000| Complete 
| 249|0x00000000ef900000, 0x00000000efa00000, 0x00000000efa00000|100%| E|CS|TAMS 0x00000000ef900000, 0x00000000ef900000| Complete 
| 250|0x00000000efa00000, 0x00000000efb00000, 0x00000000efb00000|100%| E|CS|TAMS 0x00000000efa00000, 0x00000000efa00000| Complete 
| 251|0x00000000efb00000, 0x00000000efc00000, 0x00000000efc00000|100%| E|CS|TAMS 0x00000000efb00000, 0x00000000efb00000| Complete 
| 252|0x00000000efc00000, 0x00000000efd00000, 0x00000000efd00000|100%| E|CS|TAMS 0x00000000efc00000, 0x00000000efc00000| Complete 
| 253|0x00000000efd00000, 0x00000000efe00000, 0x00000000efe00000|100%| E|CS|TAMS 0x00000000efd00000, 0x00000000efd00000| Complete 
| 254|0x00000000efe00000, 0x00000000eff00000, 0x00000000eff00000|100%| E|CS|TAMS 0x00000000efe00000, 0x00000000efe00000| Complete 
| 255|0x00000000eff00000, 0x00000000f0000000, 0x00000000f0000000|100%| E|CS|TAMS 0x00000000eff00000, 0x00000000eff00000| Complete 

Card table byte_map: [0x0000012b58720000,0x0000012b58820000] _byte_map_base: 0x0000012b58020000

Marking Bits (Prev, Next): (CMBitMap*) 0x0000012b58a6b238, (CMBitMap*) 0x0000012b58a6b270
 Prev Bits: [0x0000012b6fdb0000, 0x0000012b705b0000)
 Next Bits: [0x0000012b705b0000, 0x0000012b70db0000)

Polling page: 0x0000012b568d0000

Metaspace:

Usage:
  Non-class:     43.08 MB capacity,    42.47 MB ( 99%) used,   536.73 KB (  1%) free+waste,    96.81 KB ( <1%) overhead. 
      Class:      6.80 MB capacity,     6.41 MB ( 94%) used,   357.09 KB (  5%) free+waste,    44.94 KB ( <1%) overhead. 
       Both:     49.89 MB capacity,    48.88 MB ( 98%) used,   893.82 KB (  2%) free+waste,   141.75 KB ( <1%) overhead. 

Virtual space:
  Non-class space:       44.00 MB reserved,      43.25 MB ( 98%) committed 
      Class space:      248.00 MB reserved,       6.88 MB (  3%) committed 
             Both:      292.00 MB reserved,      50.13 MB ( 17%) committed 

Chunk freelists:
   Non-Class:  128 bytes
       Class:  1.00 KB
        Both:  1.13 KB

CodeHeap 'non-profiled nmethods': size=120064Kb used=2548Kb max_used=2548Kb free=117515Kb
 bounds [0x0000012b68870000, 0x0000012b68af0000, 0x0000012b6fdb0000]
CodeHeap 'profiled nmethods': size=120000Kb used=11004Kb max_used=11004Kb free=108995Kb
 bounds [0x0000012b61340000, 0x0000012b61e10000, 0x0000012b68870000]
CodeHeap 'non-nmethods': size=5696Kb used=2239Kb max_used=2255Kb free=3456Kb
 bounds [0x0000012b60db0000, 0x0000012b61020000, 0x0000012b61340000]
 total_blobs=7139 nmethods=5028 adapters=710
 compilation: enabled
              stopped_count=0, restarted_count=0
 full_count=0

Compilation events (10 events):
Event: 37.386 Thread 0x0000012b731dc000 5196       3       java.io.ObjectStreamField::getPrimitiveSignature (98 bytes)
Event: 37.387 Thread 0x0000012b731dc000 nmethod 5196 0x0000012b61df8090 code [0x0000012b61df82a0, 0x0000012b61df87f0]
Event: 37.392 Thread 0x0000012b731dc000 5197       3       jdk.internal.reflect.ByteVectorImpl::put (27 bytes)
Event: 37.392 Thread 0x0000012b731dc000 nmethod 5197 0x0000012b61df8910 code [0x0000012b61df8ae0, 0x0000012b61df8d10]
Event: 37.452 Thread 0x0000012b731dc000 5198       3       java.lang.ProcessEnvironment$CheckedEntry::getKey (5 bytes)
Event: 37.452 Thread 0x0000012b731dc000 nmethod 5198 0x0000012b61df8e10 code [0x0000012b61df8fe0, 0x0000012b61df9370]
Event: 37.663 Thread 0x0000012b731dc000 5206       3       java.lang.invoke.DirectMethodHandle::make (21 bytes)
Event: 37.664 Thread 0x0000012b731dc000 nmethod 5206 0x0000012b61df9490 code [0x0000012b61df9660, 0x0000012b61df98b0]
Event: 37.695 Thread 0x0000012b731dc000 5208  s    2       java.io.DataOutputStream::write (14 bytes)
Event: 37.696 Thread 0x0000012b731dc000 nmethod 5208 0x0000012b61df9990 code [0x0000012b61df9b60, 0x0000012b61df9e90]

GC Heap History (10 events):
Event: 9.309 GC heap before
{Heap before GC invocations=4 (full 0):
 garbage-first heap   total 262144K, used 62011K [0x00000000e0000000, 0x0000000100000000)
  region size 1024K, 52 young (53248K), 3 survivors (3072K)
 Metaspace       used 20766K, capacity 21208K, committed 21248K, reserved 272384K
  class space    used 2593K, capacity 2783K, committed 2816K, reserved 253952K
}
Event: 9.331 GC heap after
{Heap after GC invocations=5 (full 0):
 garbage-first heap   total 262144K, used 16113K [0x00000000e0000000, 0x0000000100000000)
  region size 1024K, 7 young (7168K), 7 survivors (7168K)
 Metaspace       used 20766K, capacity 21208K, committed 21248K, reserved 272384K
  class space    used 2593K, capacity 2783K, committed 2816K, reserved 253952K
}
Event: 15.070 GC heap before
{Heap before GC invocations=6 (full 0):
 garbage-first heap   total 262144K, used 68337K [0x00000000e0000000, 0x0000000100000000)
  region size 1024K, 59 young (60416K), 7 survivors (7168K)
 Metaspace       used 30766K, capacity 31334K, committed 31616K, reserved 282624K
  class space    used 3886K, capacity 4102K, committed 4224K, reserved 253952K
}
Event: 15.113 GC heap after
{Heap after GC invocations=7 (full 0):
 garbage-first heap   total 262144K, used 20014K [0x00000000e0000000, 0x0000000100000000)
  region size 1024K, 7 young (7168K), 7 survivors (7168K)
 Metaspace       used 30766K, capacity 31334K, committed 31616K, reserved 282624K
  class space    used 3886K, capacity 4102K, committed 4224K, reserved 253952K
}
Event: 17.490 GC heap before
{Heap before GC invocations=7 (full 0):
 garbage-first heap   total 262144K, used 51758K [0x00000000e0000000, 0x0000000100000000)
  region size 1024K, 37 young (37888K), 7 survivors (7168K)
 Metaspace       used 35156K, capacity 35692K, committed 35840K, reserved 286720K
  class space    used 4401K, capacity 4611K, committed 4736K, reserved 253952K
}
Event: 17.527 GC heap after
{Heap after GC invocations=8 (full 0):
 garbage-first heap   total 262144K, used 21265K [0x00000000e0000000, 0x0000000100000000)
  region size 1024K, 6 young (6144K), 6 survivors (6144K)
 Metaspace       used 35156K, capacity 35692K, committed 35840K, reserved 286720K
  class space    used 4401K, capacity 4611K, committed 4736K, reserved 253952K
}
Event: 20.226 GC heap before
{Heap before GC invocations=9 (full 0):
 garbage-first heap   total 262144K, used 72465K [0x00000000e0000000, 0x0000000100000000)
  region size 1024K, 57 young (58368K), 6 survivors (6144K)
 Metaspace       used 40190K, capacity 40743K, committed 40960K, reserved 290816K
  class space    used 5146K, capacity 5354K, committed 5376K, reserved 253952K
}
Event: 20.266 GC heap after
{Heap after GC invocations=10 (full 0):
 garbage-first heap   total 262144K, used 22982K [0x00000000e0000000, 0x0000000100000000)
  region size 1024K, 3 young (3072K), 3 survivors (3072K)
 Metaspace       used 40190K, capacity 40743K, committed 40960K, reserved 290816K
  class space    used 5146K, capacity 5354K, committed 5376K, reserved 253952K
}
Event: 27.831 GC heap before
{Heap before GC invocations=10 (full 0):
 garbage-first heap   total 262144K, used 104902K [0x00000000e0000000, 0x0000000100000000)
  region size 1024K, 83 young (84992K), 3 survivors (3072K)
 Metaspace       used 46471K, capacity 47447K, committed 47744K, reserved 296960K
  class space    used 6105K, capacity 6460K, committed 6528K, reserved 253952K
}
Event: 27.890 GC heap after
{Heap after GC invocations=11 (full 0):
 garbage-first heap   total 262144K, used 29061K [0x00000000e0000000, 0x0000000100000000)
  region size 1024K, 9 young (9216K), 9 survivors (9216K)
 Metaspace       used 46471K, capacity 47447K, committed 47744K, reserved 296960K
  class space    used 6105K, capacity 6460K, committed 6528K, reserved 253952K
}

Deoptimization events (10 events):
Event: 37.372 Thread 0x0000012b75d3b800 Uncommon trap: reason=class_check action=maybe_recompile pc=0x0000012b689c569c method=java.io.DataOutputStream.write(I)V @ 5 c2
Event: 37.372 Thread 0x0000012b75d3b800 Uncommon trap: reason=class_check action=maybe_recompile pc=0x0000012b689c569c method=java.io.DataOutputStream.write(I)V @ 5 c2
Event: 37.372 Thread 0x0000012b75d3b800 Uncommon trap: reason=class_check action=maybe_recompile pc=0x0000012b689c569c method=java.io.DataOutputStream.write(I)V @ 5 c2
Event: 37.372 Thread 0x0000012b75d3b800 Uncommon trap: reason=class_check action=maybe_recompile pc=0x0000012b689c569c method=java.io.DataOutputStream.write(I)V @ 5 c2
Event: 37.376 Thread 0x0000012b75d3b800 Uncommon trap: reason=class_check action=maybe_recompile pc=0x0000012b68aa43b0 method=java.io.ObjectOutputStream$BlockDataOutputStream.drain()V @ 36 c2
Event: 37.381 Thread 0x0000012b75d3b800 Uncommon trap: reason=speculate_class_check action=maybe_recompile pc=0x0000012b68ad6130 method=sun.security.provider.DigestBase.implCompressMultiBlock([BII)I @ 11 c2
Event: 37.381 Thread 0x0000012b75d3b800 Uncommon trap: reason=class_check action=maybe_recompile pc=0x0000012b68aa43b0 method=java.io.ObjectOutputStream$BlockDataOutputStream.drain()V @ 36 c2
Event: 37.388 Thread 0x0000012b75d3b800 Uncommon trap: reason=speculate_class_check action=maybe_recompile pc=0x0000012b68ad6130 method=sun.security.provider.DigestBase.implCompressMultiBlock([BII)I @ 11 c2
Event: 37.388 Thread 0x0000012b75d3b800 Uncommon trap: reason=class_check action=maybe_recompile pc=0x0000012b68aa43b0 method=java.io.ObjectOutputStream$BlockDataOutputStream.drain()V @ 36 c2
Event: 37.391 Thread 0x0000012b75d3b800 Uncommon trap: reason=class_check action=maybe_recompile pc=0x0000012b68aa43b0 method=java.io.ObjectOutputStream$BlockDataOutputStream.drain()V @ 36 c2

Classes redefined (0 events):
No events

Internal exceptions (10 events):
Event: 37.043 Thread 0x0000012b750b5000 Exception <a 'java/lang/NoSuchMethodError'{0x00000000ee6f6638}: <clinit>> (0x00000000ee6f6638) thrown at [t:/workspace/open/src/hotspot/share/prims/jni.cpp, line 1364]
Event: 37.045 Thread 0x0000012b750b5000 Exception <a 'java/lang/NoSuchMethodError'{0x00000000ee296690}: <clinit>> (0x00000000ee296690) thrown at [t:/workspace/open/src/hotspot/share/prims/jni.cpp, line 1364]
Event: 37.390 Thread 0x0000012b75d3b800 Exception <a 'java/lang/NoSuchMethodError'{0x00000000ede3ec50}: <clinit>> (0x00000000ede3ec50) thrown at [t:/workspace/open/src/hotspot/share/prims/jni.cpp, line 1364]
Event: 37.396 Thread 0x0000012b75d3b800 Exception <a 'java/lang/NoSuchMethodError'{0x00000000ede51e88}: <clinit>> (0x00000000ede51e88) thrown at [t:/workspace/open/src/hotspot/share/prims/jni.cpp, line 1364]
Event: 37.396 Thread 0x0000012b75d3b800 Exception <a 'java/lang/NoSuchMethodError'{0x00000000ede53e98}: <clinit>> (0x00000000ede53e98) thrown at [t:/workspace/open/src/hotspot/share/prims/jni.cpp, line 1364]
Event: 37.568 Thread 0x0000012b75d3d000 Exception <a 'java/lang/NoSuchMethodError'{0x00000000eded53a0}: java.lang.invoke.DirectMethodHandle$Holder.invokeStatic(Ljava/lang/Object;J)V> (0x00000000eded53a0) thrown at [t:/workspace/open/src/hotspot/share/interpreter/linkResolver.cpp, line 772]
Event: 37.570 Thread 0x0000012b75d3d000 Exception <a 'java/lang/NoSuchMethodError'{0x00000000ededa5b0}: java.lang.invoke.DirectMethodHandle$Holder.invokeStatic(Ljava/lang/Object;J)Ljava/lang/Object;> (0x00000000ededa5b0) thrown at [t:/workspace/open/src/hotspot/share/interpreter/linkResolver.cp
Event: 37.658 Thread 0x0000012b75d3d000 Exception <a 'java/lang/NoSuchMethodError'{0x00000000edee8620}: java.lang.invoke.DirectMethodHandle$Holder.invokeStaticInit(Ljava/lang/Object;Ljava/lang/Object;JLjava/lang/Object;)Ljava/lang/Object;> (0x00000000edee8620) thrown at [t:/workspace/open/src/h
Event: 37.662 Thread 0x0000012b75d3d000 Exception <a 'java/lang/NoSuchMethodError'{0x00000000edeee508}: java.lang.invoke.DirectMethodHandle$Holder.invokeStatic(Ljava/lang/Object;Ljava/lang/Object;J)Ljava/lang/Object;> (0x00000000edeee508) thrown at [t:/workspace/open/src/hotspot/share/interpret
Event: 37.665 Thread 0x0000012b75d3d000 Exception <a 'java/lang/NoSuchMethodError'{0x00000000edef47d8}: java.lang.invoke.Invokers$Holder.linkToTargetMethod(Ljava/lang/Object;JLjava/lang/Object;)Ljava/lang/Object;> (0x00000000edef47d8) thrown at [t:/workspace/open/src/hotspot/share/interpreter/l

Events (10 events):
Event: 37.692 Thread 0x0000012b75d3e800 Thread added: 0x0000012b75d3e800
Event: 37.692 loading class org/gradle/process/internal/streams/ExecOutputHandleRunner
Event: 37.692 loading class org/gradle/process/internal/streams/ExecOutputHandleRunner done
Event: 37.698 Thread 0x0000012b75d3f800 Thread added: 0x0000012b75d3f800
Event: 37.700 Thread 0x0000012b75d42000 Thread added: 0x0000012b75d42000
Event: 37.701 Thread 0x0000012b75d40800 Thread added: 0x0000012b75d40800
Event: 37.774 Executing VM operation: RevokeBias
Event: 37.775 Executing VM operation: RevokeBias done
Event: 37.775 Executing VM operation: RevokeBias
Event: 37.775 Executing VM operation: RevokeBias done


Dynamic libraries:
0x00007ff6dc0b0000 - 0x00007ff6dc0f7000 	D:\Programming\Java\JAVA11JAR\jdk-11.0.5\bin\java.exe
0x00007ff9c0dd0000 - 0x00007ff9c0fbd000 	C:\WINDOWS\SYSTEM32\ntdll.dll
0x00007ff9bf600000 - 0x00007ff9bf6b3000 	C:\WINDOWS\System32\KERNEL32.DLL
0x00007ff9bd260000 - 0x00007ff9bd4f3000 	C:\WINDOWS\System32\KERNELBASE.dll
0x00007ff9c0cf0000 - 0x00007ff9c0d93000 	C:\WINDOWS\System32\ADVAPI32.dll
0x00007ff9be610000 - 0x00007ff9be6ae000 	C:\WINDOWS\System32\msvcrt.dll
0x00007ff9bf010000 - 0x00007ff9bf0ae000 	C:\WINDOWS\System32\sechost.dll
0x00007ff9be710000 - 0x00007ff9be832000 	C:\WINDOWS\System32\RPCRT4.dll
0x00007ff9be8f0000 - 0x00007ff9bea87000 	C:\WINDOWS\System32\USER32.dll
0x00007ff9bd580000 - 0x00007ff9bd5a0000 	C:\WINDOWS\System32\win32u.dll
0x00007ff9be5e0000 - 0x00007ff9be609000 	C:\WINDOWS\System32\GDI32.dll
0x00007ff9bddd0000 - 0x00007ff9bdf69000 	C:\WINDOWS\System32\gdi32full.dll
0x00007ff9bcee0000 - 0x00007ff9bcf80000 	C:\WINDOWS\System32\msvcp_win.dll
0x00007ff9bd160000 - 0x00007ff9bd25a000 	C:\WINDOWS\System32\ucrtbase.dll
0x00007ff9b85e0000 - 0x00007ff9b85ea000 	C:\WINDOWS\SYSTEM32\VERSION.dll
0x00007ff9a6a70000 - 0x00007ff9a6ce9000 	C:\WINDOWS\WinSxS\amd64_microsoft.windows.common-controls_6595b64144ccf1df_6.0.17763.802_none_05b1445c0722d2cc\COMCTL32.dll
0x00007ff9bea90000 - 0x00007ff9bedbc000 	C:\WINDOWS\System32\combase.dll
0x00007ff9bdf70000 - 0x00007ff9bdfee000 	C:\WINDOWS\System32\bcryptPrimitives.dll
0x00007ff9c0bc0000 - 0x00007ff9c0bee000 	C:\WINDOWS\System32\IMM32.DLL
0x00007ff9b6a20000 - 0x00007ff9b6a36000 	D:\Programming\Java\JAVA11JAR\jdk-11.0.5\bin\vcruntime140.dll
0x00007ff9b0700000 - 0x00007ff9b07aa000 	D:\Programming\Java\JAVA11JAR\jdk-11.0.5\bin\msvcp140.dll
0x00007ff971cd0000 - 0x00007ff9727f8000 	D:\Programming\Java\JAVA11JAR\jdk-11.0.5\bin\server\jvm.dll
0x00007ff9befa0000 - 0x00007ff9befa8000 	C:\WINDOWS\System32\PSAPI.DLL
0x00007ff9ba740000 - 0x00007ff9ba749000 	C:\WINDOWS\SYSTEM32\WSOCK32.dll
0x00007ff9bf340000 - 0x00007ff9bf3ad000 	C:\WINDOWS\System32\WS2_32.dll
0x00007ff9ba6d0000 - 0x00007ff9ba6f4000 	C:\WINDOWS\SYSTEM32\WINMM.dll
0x00007ff9ba6a0000 - 0x00007ff9ba6cd000 	C:\WINDOWS\SYSTEM32\winmmbase.dll
0x00007ff9bce90000 - 0x00007ff9bceda000 	C:\WINDOWS\System32\cfgmgr32.dll
0x00007ff9bcde0000 - 0x00007ff9bcdf1000 	C:\WINDOWS\System32\kernel.appcore.dll
0x00007ff9b0fc0000 - 0x00007ff9b0fd1000 	D:\Programming\Java\JAVA11JAR\jdk-11.0.5\bin\verify.dll
0x00007ff9bb650000 - 0x00007ff9bb83d000 	C:\WINDOWS\SYSTEM32\DBGHELP.DLL
0x00007ff9a7e70000 - 0x00007ff9a7e9a000 	C:\WINDOWS\SYSTEM32\dbgcore.DLL
0x00007ff9b0f90000 - 0x00007ff9b0fb9000 	D:\Programming\Java\JAVA11JAR\jdk-11.0.5\bin\java.dll
0x00007ff9b0f70000 - 0x00007ff9b0f86000 	D:\Programming\Java\JAVA11JAR\jdk-11.0.5\bin\zip.dll
0x00007ff9b9330000 - 0x00007ff9b933a000 	D:\Programming\Java\JAVA11JAR\jdk-11.0.5\bin\jimage.dll
0x00007ff9bf6c0000 - 0x00007ff9c0bb4000 	C:\WINDOWS\System32\SHELL32.dll
0x00007ff9be840000 - 0x00007ff9be8e8000 	C:\WINDOWS\System32\shcore.dll
0x00007ff9bd680000 - 0x00007ff9bddcd000 	C:\WINDOWS\System32\windows.storage.dll
0x00007ff9bce00000 - 0x00007ff9bce24000 	C:\WINDOWS\System32\profapi.dll
0x00007ff9bce30000 - 0x00007ff9bce8d000 	C:\WINDOWS\System32\powrprof.dll
0x00007ff9be6b0000 - 0x00007ff9be702000 	C:\WINDOWS\System32\shlwapi.dll
0x00007ff9bd500000 - 0x00007ff9bd517000 	C:\WINDOWS\System32\cryptsp.dll
0x00007ff9b0ef0000 - 0x00007ff9b0f09000 	D:\Programming\Java\JAVA11JAR\jdk-11.0.5\bin\net.dll
0x00007ff9b17a0000 - 0x00007ff9b1892000 	C:\WINDOWS\SYSTEM32\WINHTTP.dll
0x00007ff9bc630000 - 0x00007ff9bc697000 	C:\WINDOWS\system32\mswsock.dll
0x00007ff9b0e40000 - 0x00007ff9b0e53000 	D:\Programming\Java\JAVA11JAR\jdk-11.0.5\bin\nio.dll
0x00007ff9b0e90000 - 0x00007ff9b0eb6000 	C:\Users\matth\.gradle\native\30\windows-amd64\native-platform.dll
0x00007ff9b10f0000 - 0x00007ff9b10f9000 	D:\Programming\Java\JAVA11JAR\jdk-11.0.5\bin\management.dll
0x00007ff9b9560000 - 0x00007ff9b956c000 	D:\Programming\Java\JAVA11JAR\jdk-11.0.5\bin\management_ext.dll
0x00007ff9bc1b0000 - 0x00007ff9bc1e3000 	C:\WINDOWS\system32\rsaenh.dll
0x00007ff9bd650000 - 0x00007ff9bd676000 	C:\WINDOWS\System32\bcrypt.dll
0x00007ff9bccc0000 - 0x00007ff9bcce8000 	C:\WINDOWS\SYSTEM32\USERENV.dll
0x00007ff9bc800000 - 0x00007ff9bc80c000 	C:\WINDOWS\SYSTEM32\CRYPTBASE.dll
0x00007ff9bc350000 - 0x00007ff9bc38d000 	C:\WINDOWS\SYSTEM32\IPHLPAPI.DLL
0x00007ff9bdff0000 - 0x00007ff9bdff8000 	C:\WINDOWS\System32\NSI.dll
0x00007ff9b2070000 - 0x00007ff9b2086000 	C:\WINDOWS\SYSTEM32\dhcpcsvc6.DLL
0x00007ff9b2200000 - 0x00007ff9b221c000 	C:\WINDOWS\SYSTEM32\dhcpcsvc.DLL
0x00007ff9bc390000 - 0x00007ff9bc456000 	C:\WINDOWS\SYSTEM32\DNSAPI.dll

dbghelp: loaded successfully - version: 4.0.5 - missing functions: none
symbol engine: initialized successfully - sym options: 0x614 - pdb path: .;D:\Programming\Java\JAVA11JAR\jdk-11.0.5\bin;C:\WINDOWS\SYSTEM32;C:\WINDOWS\WinSxS\amd64_microsoft.windows.common-controls_6595b64144ccf1df_6.0.17763.802_none_05b1445c0722d2cc;D:\Programming\Java\JAVA11JAR\jdk-11.0.5\bin\server;C:\Users\matth\.gradle\native\30\windows-amd64

VM Arguments:
jvm_args: --add-opens=java.base/java.util=ALL-UNNAMED --add-opens=java.base/java.lang=ALL-UNNAMED --add-opens=java.base/java.lang.invoke=ALL-UNNAMED --add-opens=java.prefs/java.util.prefs=ALL-UNNAMED -XX:MaxMetaspaceSize=256m -XX:+HeapDumpOnOutOfMemoryError -Xms256m -Xmx512m -Dfile.encoding=windows-1252 -Duser.country=CA -Duser.language=en -Duser.variant 
java_command: org.gradle.launcher.daemon.bootstrap.GradleDaemon 5.6.2
java_class_path (initial): C:\Users\matth\.gradle\wrapper\dists\gradle-5.6.2-bin\3clyn6icets6f02ptgd5hlmou\gradle-5.6.2\lib\gradle-launcher-5.6.2.jar
Launcher Type: SUN_STANDARD

[Global flags]
     intx CICompilerCount                          = 2                                         {product} {ergonomic}
   size_t CompressedClassSpaceSize                 = 260046848                                 {product} {ergonomic}
     uint ConcGCThreads                            = 1                                         {product} {ergonomic}
     uint G1ConcRefinementThreads                  = 2                                         {product} {ergonomic}
   size_t G1HeapRegionSize                         = 1048576                                   {product} {ergonomic}
    uintx GCDrainStackTargetSize                   = 64                                        {product} {ergonomic}
     bool HeapDumpOnOutOfMemoryError               = true                                   {manageable} {command line}
   size_t InitialHeapSize                          = 268435456                                 {product} {command line}
   size_t MarkStackSize                            = 4194304                                   {product} {ergonomic}
   size_t MaxHeapSize                              = 536870912                                 {product} {command line}
   size_t MaxMetaspaceSize                         = 268435456                                 {product} {command line}
   size_t MaxNewSize                               = 321912832                                 {product} {ergonomic}
   size_t MinHeapDeltaBytes                        = 1048576                                   {product} {ergonomic}
    uintx NonNMethodCodeHeapSize                   = 5825164                                {pd product} {ergonomic}
    uintx NonProfiledCodeHeapSize                  = 122916538                              {pd product} {ergonomic}
    uintx ProfiledCodeHeapSize                     = 122916538                              {pd product} {ergonomic}
    uintx ReservedCodeCacheSize                    = 251658240                              {pd product} {ergonomic}
     bool SegmentedCodeCache                       = true                                      {product} {ergonomic}
     bool UseCompressedClassPointers               = true                                 {lp64_product} {ergonomic}
     bool UseCompressedOops                        = true                                 {lp64_product} {ergonomic}
     bool UseG1GC                                  = true                                      {product} {ergonomic}
     bool UseLargePagesIndividualAllocation        = false                                  {pd product} {ergonomic}

Logging:
Log output configuration:
 #0: stdout all=warning uptime,level,tags
 #1: stderr all=off uptime,level,tags

Environment Variables:
JAVA_HOME=D:\Program Files\Java\jdk1.8.0_191
PATH=C:\Program Files (x86)\Common Files\Oracle\Java\javapath;C:\WINDOWS\system32;C:\WINDOWS;C:\WINDOWS\System32\Wbem;C:\WINDOWS\System32\WindowsPowerShell\v1.0\;C:\WINDOWS\System32\OpenSSH\;D:\Program Files\Git\cmd;C:\Users\matth\AppData\Local\Microsoft\WindowsApps;
USERNAME=matth
OS=Windows_NT
PROCESSOR_IDENTIFIER=AMD64 Family 21 Model 112 Stepping 0, AuthenticAMD



---------------  S Y S T E M  ---------------

OS: Windows 10 , 64 bit Build 17763 (10.0.17763.475)

CPU:total 2 (initial active 2) (2 cores per cpu, 1 threads per core) family 21 model 112 stepping 0, cmov, cx8, fxsr, mmx, sse, sse2, sse3, ssse3, sse4.1, sse4.2, popcnt, avx, avx2, aes, clmul, mmxext, 3dnowpref, lzcnt, sse4a, tsc, tscinvbit, tscinv, bmi1, bmi2, fma

Memory: 4k page, system-wide physical 3974M (274M free)
TotalPageFile size 7480M (AvailPageFile size 3M)
current process WorkingSet (physical memory assigned to process): 262M, peak: 264M
current process commit charge ("private bytes"): 439M, peak: 440M

vm_info: Java HotSpot(TM) 64-Bit Server VM (11.0.5+10-LTS) for windows-amd64 JRE (11.0.5+10-LTS), built on Oct  6 2019 12:37:14 by "mach5one" with MS VC++ 15.5 (VS2017)

END.
